# JRE version: Java(TM) SE Runtime Environment (11.0.1+13) (build 11.0.1+13-LTS)
# Java VM: Java HotSpot(TM) 64-Bit Server VM (11.0.1+13-LTS, mixed mode, tiered, compressed oops, g1 gc, windows-amd64)
Heap:
 garbage-first heap   total 522240K, used 262119K [0x0000000602000000, 0x0000000800000000)
  region size 2048K, 72 young (147456K), 5 survivors (10240K)
 Metaspace       used 46190K, capacity 48213K, committed 48384K, reserved 1091584K
  class space    used 5975K, capacity 6838K, committed 6912K, reserved 1048576K
GC Heap History (6 events):
Event: 0.481 GC heap before
{Heap before GC invocations=0 (full 0):
 garbage-first heap   total 522240K, used 24576K [0x0000000602000000, 0x0000000800000000)
  region size 2048K, 12 young (24576K), 0 survivors (0K)
 Metaspace       used 8668K, capacity 8990K, committed 9216K, reserved 1056768K
  class space    used 848K, capacity 983K, committed 1024K, reserved 1048576K
}
Event: 0.483 GC heap after
{Heap after GC invocations=1 (full 0):
 garbage-first heap   total 522240K, used 2387K [0x0000000602000000, 0x0000000800000000)
  region size 2048K, 2 young (4096K), 2 survivors (4096K)
 Metaspace       used 8668K, capacity 8990K, committed 9216K, reserved 1056768K
  class space    used 848K, capacity 983K, committed 1024K, reserved 1048576K
}
Event: 1.121 GC heap before
{Heap before GC invocations=1 (full 0):
 garbage-first heap   total 522240K, used 41299K [0x0000000602000000, 0x0000000800000000)
  region size 2048K, 21 young (43008K), 2 survivors (4096K)
 Metaspace       used 20552K, capacity 21253K, committed 21296K, reserved 1069056K
  class space    used 2470K, capacity 2773K, committed 2816K, reserved 1048576K
}
Event: 1.132 GC heap after
{Heap after GC invocations=2 (full 0):
 garbage-first heap   total 522240K, used 10421K [0x0000000602000000, 0x0000000800000000)
  region size 2048K, 5 young (10240K), 5 survivors (10240K)
 Metaspace       used 20552K, capacity 21253K, committed 21296K, reserved 1069056K
  class space    used 2470K, capacity 2773K, committed 2816K, reserved 1048576K
}
Event: 2.454 GC heap before
{Heap before GC invocations=3 (full 0):
 garbage-first heap   total 522240K, used 61621K [0x0000000602000000, 0x0000000800000000)
  region size 2048K, 29 young (59392K), 5 survivors (10240K)
 Metaspace       used 34425K, capacity 35734K, committed 35840K, reserved 1079296K
  class space    used 4471K, capacity 5065K, committed 5120K, reserved 1048576K
}
Event: 2.463 GC heap after
{Heap after GC invocations=4 (full 0):
 garbage-first heap   total 522240K, used 18407K [0x0000000602000000, 0x0000000800000000)
  region size 2048K, 5 young (10240K), 5 survivors (10240K)
 Metaspace       used 34425K, capacity 35734K, committed 35840K, reserved 1079296K
  class space    used 4471K, capacity 5065K, committed 5120K, reserved 1048576K
}

