# JRE version: Java(TM) SE Runtime Environment (11.0.1+13) (build 11.0.1+13-LTS)
# Java VM: Java HotSpot(TM) 64-Bit Server VM (11.0.1+13-LTS, mixed mode, tiered, compressed oops, g1 gc, windows-amd64)
Heap:
 garbage-first heap   total 522240K, used 27936K [0x0000000602000000, 0x0000000800000000)
  region size 2048K, 7 young (14336K), 5 survivors (10240K)
 Metaspace       used 43837K, capacity 45701K, committed 45904K, reserved 1089536K
  class space    used 5712K, capacity 6528K, committed 6528K, reserved 1048576K
GC Heap History (8 events):
Event: 0.569 GC heap before
{Heap before GC invocations=0 (full 0):
 garbage-first heap   total 522240K, used 24576K [0x0000000602000000, 0x0000000800000000)
  region size 2048K, 12 young (24576K), 0 survivors (0K)
 Metaspace       used 8819K, capacity 9065K, committed 9216K, reserved 1056768K
  class space    used 865K, capacity 992K, committed 1024K, reserved 1048576K
}
Event: 0.581 GC heap after
{Heap after GC invocations=1 (full 0):
 garbage-first heap   total 522240K, used 2408K [0x0000000602000000, 0x0000000800000000)
  region size 2048K, 2 young (4096K), 2 survivors (4096K)
 Metaspace       used 8819K, capacity 9065K, committed 9216K, reserved 1056768K
  class space    used 865K, capacity 992K, committed 1024K, reserved 1048576K
}
Event: 1.291 GC heap before
{Heap before GC invocations=1 (full 0):
 garbage-first heap   total 522240K, used 41320K [0x0000000602000000, 0x0000000800000000)
  region size 2048K, 21 young (43008K), 2 survivors (4096K)
 Metaspace       used 20595K, capacity 21281K, committed 21296K, reserved 1069056K
  class space    used 2480K, capacity 2809K, committed 2816K, reserved 1048576K
}
Event: 1.300 GC heap after
{Heap after GC invocations=2 (full 0):
 garbage-first heap   total 522240K, used 10171K [0x0000000602000000, 0x0000000800000000)
  region size 2048K, 4 young (8192K), 4 survivors (8192K)
 Metaspace       used 20595K, capacity 21281K, committed 21296K, reserved 1069056K
  class space    used 2480K, capacity 2809K, committed 2816K, reserved 1048576K
}
Event: 4.310 GC heap before
{Heap before GC invocations=3 (full 0):
 garbage-first heap   total 522240K, used 65467K [0x0000000602000000, 0x0000000800000000)
  region size 2048K, 29 young (59392K), 4 survivors (8192K)
 Metaspace       used 34408K, capacity 35720K, committed 35920K, reserved 1081344K
  class space    used 4412K, capacity 4970K, committed 4992K, reserved 1048576K
}
Event: 4.324 GC heap after
{Heap after GC invocations=4 (full 0):
 garbage-first heap   total 522240K, used 18531K [0x0000000602000000, 0x0000000800000000)
  region size 2048K, 5 young (10240K), 5 survivors (10240K)
 Metaspace       used 34408K, capacity 35720K, committed 35920K, reserved 1081344K
  class space    used 4412K, capacity 4970K, committed 4992K, reserved 1048576K
}
Event: 6.106 GC heap before
{Heap before GC invocations=5 (full 0):
 garbage-first heap   total 522240K, used 88163K [0x0000000602000000, 0x0000000800000000)
  region size 2048K, 38 young (77824K), 5 survivors (10240K)
 Metaspace       used 43641K, capacity 45502K, committed 45648K, reserved 1089536K
  class space    used 5701K, capacity 6526K, committed 6528K, reserved 1048576K
}
Event: 6.116 GC heap after
{Heap after GC invocations=6 (full 0):
 garbage-first heap   total 522240K, used 25888K [0x0000000602000000, 0x0000000800000000)
  region size 2048K, 5 young (10240K), 5 survivors (10240K)
 Metaspace       used 43641K, capacity 45502K, committed 45648K, reserved 1089536K
  class space    used 5701K, capacity 6526K, committed 6528K, reserved 1048576K
}

