# JRE version: Java(TM) SE Runtime Environment (11.0.1+13) (build 11.0.1+13-LTS)
# Java VM: Java HotSpot(TM) 64-Bit Server VM (11.0.1+13-LTS, mixed mode, tiered, compressed oops, g1 gc, windows-amd64)
Heap:
 garbage-first heap   total 522240K, used 31849K [0x0000000602000000, 0x0000000800000000)
  region size 2048K, 9 young (18432K), 5 survivors (10240K)
 Metaspace       used 43835K, capacity 45700K, committed 45952K, reserved 1089536K
  class space    used 5706K, capacity 6527K, committed 6528K, reserved 1048576K
GC Heap History (8 events):
Event: 0.564 GC heap before
{Heap before GC invocations=0 (full 0):
 garbage-first heap   total 522240K, used 24576K [0x0000000602000000, 0x0000000800000000)
  region size 2048K, 12 young (24576K), 0 survivors (0K)
 Metaspace       used 8813K, capacity 9068K, committed 9216K, reserved 1056768K
  class space    used 864K, capacity 992K, committed 1024K, reserved 1048576K
}
Event: 0.567 GC heap after
{Heap after GC invocations=1 (full 0):
 garbage-first heap   total 522240K, used 2410K [0x0000000602000000, 0x0000000800000000)
  region size 2048K, 2 young (4096K), 2 survivors (4096K)
 Metaspace       used 8813K, capacity 9068K, committed 9216K, reserved 1056768K
  class space    used 864K, capacity 992K, committed 1024K, reserved 1048576K
}
Event: 1.293 GC heap before
{Heap before GC invocations=1 (full 0):
 garbage-first heap   total 522240K, used 41322K [0x0000000602000000, 0x0000000800000000)
  region size 2048K, 21 young (43008K), 2 survivors (4096K)
 Metaspace       used 20591K, capacity 21284K, committed 21296K, reserved 1069056K
  class space    used 2476K, capacity 2809K, committed 2816K, reserved 1048576K
}
Event: 1.301 GC heap after
{Heap after GC invocations=2 (full 0):
 garbage-first heap   total 522240K, used 10076K [0x0000000602000000, 0x0000000800000000)
  region size 2048K, 4 young (8192K), 4 survivors (8192K)
 Metaspace       used 20591K, capacity 21284K, committed 21296K, reserved 1069056K
  class space    used 2476K, capacity 2809K, committed 2816K, reserved 1048576K
}
Event: 2.753 GC heap before
{Heap before GC invocations=3 (full 0):
 garbage-first heap   total 522240K, used 61276K [0x0000000602000000, 0x0000000800000000)
  region size 2048K, 28 young (57344K), 4 survivors (8192K)
 Metaspace       used 34490K, capacity 35781K, committed 35840K, reserved 1079296K
  class space    used 4475K, capacity 5064K, committed 5120K, reserved 1048576K
}
Event: 2.762 GC heap after
{Heap after GC invocations=4 (full 0):
 garbage-first heap   total 522240K, used 18519K [0x0000000602000000, 0x0000000800000000)
  region size 2048K, 5 young (10240K), 5 survivors (10240K)
 Metaspace       used 34490K, capacity 35781K, committed 35840K, reserved 1079296K
  class space    used 4475K, capacity 5064K, committed 5120K, reserved 1048576K
}
Event: 4.442 GC heap before
{Heap before GC invocations=5 (full 0):
 garbage-first heap   total 522240K, used 84055K [0x0000000602000000, 0x0000000800000000)
  region size 2048K, 37 young (75776K), 5 survivors (10240K)
 Metaspace       used 43293K, capacity 45179K, committed 45184K, reserved 1087488K
  class space    used 5692K, capacity 6526K, committed 6528K, reserved 1048576K
}
Event: 4.453 GC heap after
{Heap after GC invocations=6 (full 0):
 garbage-first heap   total 522240K, used 25705K [0x0000000602000000, 0x0000000800000000)
  region size 2048K, 5 young (10240K), 5 survivors (10240K)
 Metaspace       used 43293K, capacity 45179K, committed 45184K, reserved 1087488K
  class space    used 5692K, capacity 6526K, committed 6528K, reserved 1048576K
}

